TN:
SF:script/DeployStakingVault.s.sol
DA:10,0
FN:10,DeployVaultScript.run
FNDA:0,DeployVaultScript.run
DA:11,0
DA:12,0
DA:14,0
DA:15,0
DA:16,0
DA:18,0
DA:20,0
DA:22,0
DA:24,0
DA:26,0
DA:28,0
DA:30,0
DA:31,0
DA:32,0
DA:33,0
FNF:1
FNH:0
LF:16
LH:0
BRF:0
BRH:0
end_of_record
TN:
SF:src/ReceiptToken.sol
DA:25,10
FN:25,ReceiptToken.onlyVault
FNDA:10,ReceiptToken.onlyVault
DA:26,10
BRDA:26,0,0,1
DA:33,17
FN:33,ReceiptToken.constructor
FNDA:17,ReceiptToken.constructor
DA:36,17
BRDA:36,1,0,1
BRDA:36,1,1,16
DA:41,16
DA:48,10
FN:48,ReceiptToken.mint
FNDA:10,ReceiptToken.mint
DA:52,9
DA:59,10
FN:59,ReceiptToken.burn
FNDA:10,ReceiptToken.burn
DA:63,9
DA:76,19
FN:76,ReceiptToken._update
FNDA:19,ReceiptToken._update
DA:81,19
BRDA:81,2,0,1
DA:82,1
BRDA:82,3,0,1
DA:83,1
DA:87,18
FNF:5
FNH:5
LF:14
LH:14
BRF:5
BRH:5
end_of_record
TN:
SF:src/RewardToken.sol
DA:23,7
FN:23,RewardToken.onlyVault
FNDA:7,RewardToken.onlyVault
DA:24,7
BRDA:24,0,0,1
DA:31,17
FN:31,RewardToken.constructor
FNDA:17,RewardToken.constructor
DA:34,17
BRDA:34,1,0,1
BRDA:34,1,1,16
DA:39,16
DA:46,7
FN:46,RewardToken.mint
FNDA:7,RewardToken.mint
DA:50,6
FNF:3
FNH:3
LF:7
LH:7
BRF:3
BRH:3
end_of_record
TN:
SF:src/StakingVault.sol
DA:127,18
FN:127,StakingVault.setTokens
FNDA:18,StakingVault.setTokens
DA:131,17
BRDA:131,0,0,1
DA:132,16
DA:133,16
DA:135,16
DA:140,2
FN:140,StakingVault.pause
FNDA:2,StakingVault.pause
DA:141,1
DA:146,2
FN:146,StakingVault.unpause
FNDA:2,StakingVault.unpause
DA:147,1
DA:154,12
FN:154,StakingVault.deposit
FNDA:12,StakingVault.deposit
DA:160,11
BRDA:160,1,0,1
DA:161,10
BRDA:161,2,0,1
DA:163,9
DA:165,9
DA:172,9
DA:174,9
DA:194,9
FN:194,StakingVault._calculateLotMultiplier
FNDA:9,StakingVault._calculateLotMultiplier
DA:197,9
DA:199,9
BRDA:199,3,0,1
DA:200,8
BRDA:200,4,0,1
DA:201,7
BRDA:201,5,0,1
DA:202,6
BRDA:202,6,0,1
DA:203,5
BRDA:203,7,0,1
DA:204,4
BRDA:204,8,0,1
DA:205,3
DA:217,14
FN:217,StakingVault.withdrawFromLot
FNDA:14,StakingVault.withdrawFromLot
DA:221,13
BRDA:221,9,0,1
DA:222,12
BRDA:222,10,0,1
DA:224,11
DA:226,11
BRDA:226,11,0,1
DA:227,10
BRDA:227,12,0,1
DA:228,1
DA:231,9
DA:232,9
DA:234,9
BRDA:234,13,0,6
DA:235,6
DA:238,9
DA:240,9
DA:242,9
BRDA:242,14,0,6
DA:243,6
DA:246,9
DA:247,9
BRDA:247,15,0,2
DA:249,7
DA:260,1
FN:260,StakingVault.getUserLots
FNDA:1,StakingVault.getUserLots
DA:263,1
FNF:7
FNH:7
LF:45
LH:45
BRF:16
BRH:16
end_of_record
TN:
SF:test/VaultTest.t.sol
DA:13,1
FN:13,ReentrancyAttacker.constructor.0
FNDA:1,ReentrancyAttacker.constructor.0
DA:14,1
DA:17,1
FN:17,ReentrancyAttacker.attackDeposit
FNDA:1,ReentrancyAttacker.attackDeposit
DA:18,1
DA:21,1
FN:21,ReentrancyAttacker.attackWithdraw
FNDA:1,ReentrancyAttacker.attackWithdraw
DA:22,1
DA:23,1
DA:24,0
DA:27,1
FN:27,ReentrancyAttacker.receive
FNDA:1,ReentrancyAttacker.receive
DA:28,1
BRDA:28,0,0,1
DA:29,1
DA:30,1
DA:38,1
FN:38,ETHRejector.constructor.1
FNDA:1,ETHRejector.constructor.1
DA:39,1
DA:42,1
FN:42,ETHRejector.depositETH
FNDA:1,ETHRejector.depositETH
DA:43,1
DA:46,1
FN:46,ETHRejector.withdrawETH
FNDA:1,ETHRejector.withdrawETH
DA:47,1
FNF:7
FNH:7
LF:18
LH:17
BRF:1
BRH:1
end_of_record
