TN:
SF:src/ReceiptToken.sol
FNL:0,25
FNA:0,10,ReceiptToken.onlyVault
FNL:1,33
FNA:1,17,ReceiptToken.constructor
FNL:2,48
FNA:2,10,ReceiptToken.mint
FNL:3,59
FNA:3,10,ReceiptToken.burn
FNL:4,76
FNA:4,19,ReceiptToken._update
FNF:5
FNH:5
DA:25,10
DA:26,10
DA:33,17
DA:36,17
DA:41,16
DA:48,10
DA:52,9
DA:59,10
DA:63,9
DA:76,19
DA:81,19
DA:82,1
DA:83,1
DA:87,18
LF:14
LH:14
end_of_record
TN:
SF:src/RewardToken.sol
FNL:0,23
FNA:0,7,RewardToken.onlyVault
FNL:1,31
FNA:1,17,RewardToken.constructor
FNL:2,46
FNA:2,7,RewardToken.mint
FNF:3
FNH:3
DA:23,7
DA:24,7
DA:31,17
DA:34,17
DA:39,16
DA:46,7
DA:50,6
LF:7
LH:7
end_of_record
TN:
SF:src/StakingVault.sol
FNL:0,127
FNA:0,18,StakingVault.setTokens
FNL:1,140
FNA:1,2,StakingVault.pause
FNL:2,146
FNA:2,2,StakingVault.unpause
FNL:3,154
FNA:3,12,StakingVault.deposit
FNL:4,194
FNA:4,9,StakingVault._calculateLotMultiplier
FNL:5,217
FNA:5,14,StakingVault.withdrawFromLot
FNL:6,260
FNA:6,1,StakingVault.getUserLots
FNF:7
FNH:7
DA:127,18
DA:131,17
DA:132,16
DA:133,16
DA:135,16
DA:140,2
DA:141,1
DA:146,2
DA:147,1
DA:154,12
DA:160,11
DA:161,10
DA:163,9
DA:165,9
DA:172,9
DA:174,9
DA:194,9
DA:197,9
DA:199,9
DA:200,8
DA:201,7
DA:202,6
DA:203,5
DA:204,4
DA:205,3
DA:217,14
DA:221,13
DA:222,12
DA:224,11
DA:226,11
DA:227,10
DA:228,1
DA:231,9
DA:232,9
DA:234,9
DA:235,6
DA:238,9
DA:240,9
DA:242,9
DA:243,6
DA:246,9
DA:247,9
DA:249,7
DA:260,1
DA:263,1
LF:45
LH:45
end_of_record
